Determining if the include file sys/endian.h exists failed with the following output:
Change Dir: /home/abhik/code/DataCompression/c/compressors/snappy-master/build/CMakeFiles/CMakeTmp

Run Build Command:"/usr/bin/gmake" "cmTC_c7fd3/fast"
/usr/bin/gmake -f CMakeFiles/cmTC_c7fd3.dir/build.make CMakeFiles/cmTC_c7fd3.dir/build
gmake[1]: Entering directory `/home/abhik/code/DataCompression/c/compressors/snappy-master/build/CMakeFiles/CMakeTmp'
Building C object CMakeFiles/cmTC_c7fd3.dir/CheckIncludeFile.c.o
/usr/bin/cc    -o CMakeFiles/cmTC_c7fd3.dir/CheckIncludeFile.c.o   -c /home/abhik/code/DataCompression/c/compressors/snappy-master/build/CMakeFiles/CMakeTmp/CheckIncludeFile.c
/home/abhik/code/DataCompression/c/compressors/snappy-master/build/CMakeFiles/CMakeTmp/CheckIncludeFile.c:1:24: fatal error: sys/endian.h: No such file or directory
 #include <sys/endian.h>
                        ^
compilation terminated.
gmake[1]: *** [CMakeFiles/cmTC_c7fd3.dir/CheckIncludeFile.c.o] Error 1
gmake[1]: Leaving directory `/home/abhik/code/DataCompression/c/compressors/snappy-master/build/CMakeFiles/CMakeTmp'
gmake: *** [cmTC_c7fd3/fast] Error 2


Determining if the include file windows.h exists failed with the following output:
Change Dir: /home/abhik/code/DataCompression/c/compressors/snappy-master/build/CMakeFiles/CMakeTmp

Run Build Command:"/usr/bin/gmake" "cmTC_dccae/fast"
/usr/bin/gmake -f CMakeFiles/cmTC_dccae.dir/build.make CMakeFiles/cmTC_dccae.dir/build
gmake[1]: Entering directory `/home/abhik/code/DataCompression/c/compressors/snappy-master/build/CMakeFiles/CMakeTmp'
Building C object CMakeFiles/cmTC_dccae.dir/CheckIncludeFile.c.o
/usr/bin/cc    -o CMakeFiles/cmTC_dccae.dir/CheckIncludeFile.c.o   -c /home/abhik/code/DataCompression/c/compressors/snappy-master/build/CMakeFiles/CMakeTmp/CheckIncludeFile.c
/home/abhik/code/DataCompression/c/compressors/snappy-master/build/CMakeFiles/CMakeTmp/CheckIncludeFile.c:1:21: fatal error: windows.h: No such file or directory
 #include <windows.h>
                     ^
compilation terminated.
gmake[1]: *** [CMakeFiles/cmTC_dccae.dir/CheckIncludeFile.c.o] Error 1
gmake[1]: Leaving directory `/home/abhik/code/DataCompression/c/compressors/snappy-master/build/CMakeFiles/CMakeTmp'
gmake: *** [cmTC_dccae/fast] Error 2


Determining if the function lzo1x_1_15_compress exists in the lzo2 failed with the following output:
Change Dir: /home/abhik/code/DataCompression/c/compressors/snappy-master/build/CMakeFiles/CMakeTmp

Run Build Command:"/usr/bin/gmake" "cmTC_ffc74/fast"
/usr/bin/gmake -f CMakeFiles/cmTC_ffc74.dir/build.make CMakeFiles/cmTC_ffc74.dir/build
gmake[1]: Entering directory `/home/abhik/code/DataCompression/c/compressors/snappy-master/build/CMakeFiles/CMakeTmp'
Building C object CMakeFiles/cmTC_ffc74.dir/CheckFunctionExists.c.o
/usr/bin/cc   -DCHECK_FUNCTION_EXISTS=lzo1x_1_15_compress   -o CMakeFiles/cmTC_ffc74.dir/CheckFunctionExists.c.o   -c /usr/local/share/cmake-3.11/Modules/CheckFunctionExists.c
Linking C executable cmTC_ffc74
/usr/local/bin/cmake -E cmake_link_script CMakeFiles/cmTC_ffc74.dir/link.txt --verbose=1
/usr/bin/cc  -DCHECK_FUNCTION_EXISTS=lzo1x_1_15_compress    -rdynamic CMakeFiles/cmTC_ffc74.dir/CheckFunctionExists.c.o  -o cmTC_ffc74 -llzo2 
/usr/bin/ld: cannot find -llzo2
collect2: error: ld returned 1 exit status
gmake[1]: *** [cmTC_ffc74] Error 1
gmake[1]: Leaving directory `/home/abhik/code/DataCompression/c/compressors/snappy-master/build/CMakeFiles/CMakeTmp'
gmake: *** [cmTC_ffc74/fast] Error 2


